This is pdfTeX, Version 3.14159265-2.6-1.40.19 (MiKTeX 2.9.6800 64-bit) (preloaded format=pdflatex 2018.8.29)  11 SEP 2018 17:00
entering extended mode
**./python3.tex
(python3.tex
LaTeX2e <2018-04-01> patch level 5
(styles/transp_java.cls
Document Class: transp_java 2008/10/20
("C:\Users\mat77\AppData\Local\Programs\MiKTeX 2.9\tex\generic\oberdiek\ifpdf.sty"
Package: ifpdf 2017/03/15 v3.2 Provides the ifpdf switch
)
("C:\Users\mat77\AppData\Local\Programs\MiKTeX 2.9\tex\latex\beamer\beamer.cls"
Document Class: beamer 2018/09/06 v3.53 A class for typesetting presentations
("C:\Users\mat77\AppData\Local\Programs\MiKTeX 2.9\tex\latex\beamer\beamerbasemodes.sty"
("C:\Users\mat77\AppData\Local\Programs\MiKTeX 2.9\tex\latex\etoolbox\etoolbox.sty"
Package: etoolbox 2018/08/19 v2.5f e-TeX tools for LaTeX (JAW)
\etb@tempcnta=\count80
)
\beamer@tempbox=\box26
\beamer@tempcount=\count81
\c@beamerpauses=\count82

("C:\Users\mat77\AppData\Local\Programs\MiKTeX 2.9\tex\latex\beamer\beamerbasedecode.sty"
\beamer@slideinframe=\count83
\beamer@minimum=\count84
)
\beamer@commentbox=\box27
\beamer@modecount=\count85
)
\headdp=\dimen102
\footheight=\dimen103
\sidebarheight=\dimen104
\beamer@tempdim=\dimen105
\beamer@finalheight=\dimen106
\beamer@animht=\dimen107
\beamer@animdp=\dimen108
\beamer@animwd=\dimen109
\beamer@leftmargin=\dimen110
\beamer@rightmargin=\dimen111
\beamer@leftsidebar=\dimen112
\beamer@rightsidebar=\dimen113
\beamer@boxsize=\dimen114
\beamer@vboxoffset=\dimen115
\beamer@descdefault=\dimen116
\beamer@descriptionwidth=\dimen117
\beamer@lastskip=\skip41
\beamer@areabox=\box28
\beamer@animcurrent=\box29
\beamer@animshowbox=\box30
\beamer@sectionbox=\box31
\beamer@logobox=\box32
\beamer@linebox=\box33
\beamer@sectioncount=\count86
\beamer@subsubsectionmax=\count87
\beamer@subsectionmax=\count88
\beamer@sectionmax=\count89
\beamer@totalheads=\count90
\beamer@headcounter=\count91
\beamer@partstartpage=\count92
\beamer@sectionstartpage=\count93
\beamer@subsectionstartpage=\count94
\beamer@animationtempa=\count95
\beamer@animationtempb=\count96
\beamer@xpos=\count97
\beamer@ypos=\count98
\beamer@ypos@offset=\count99
\beamer@showpartnumber=\count100
\beamer@currentsubsection=\count101
\beamer@coveringdepth=\count102
\beamer@sectionadjust=\count103
\beamer@tocsectionnumber=\count104

("C:\Users\mat77\AppData\Local\Programs\MiKTeX 2.9\tex\latex\beamer\beamerbaseoptions.sty"
("C:\Users\mat77\AppData\Local\Programs\MiKTeX 2.9\tex\latex\graphics\keyval.sty"
Package: keyval 2014/10/28 v1.15 key=value parser (DPC)
\KV@toks@=\toks14
))
\beamer@paperwidth=\skip42
\beamer@paperheight=\skip43

("C:\Users\mat77\AppData\Local\Programs\MiKTeX 2.9\tex\latex\geometry\geometry.sty"
Package: geometry 2018/04/16 v5.8 Page Geometry

("C:\Users\mat77\AppData\Local\Programs\MiKTeX 2.9\tex\generic\oberdiek\ifvtex.sty"
Package: ifvtex 2016/05/16 v1.6 Detect VTeX and its facilities (HO)
Package ifvtex Info: VTeX not detected.
)
("C:\Users\mat77\AppData\Local\Programs\MiKTeX 2.9\tex\generic\ifxetex\ifxetex.sty"
Package: ifxetex 2010/09/12 v0.6 Provides ifxetex conditional
)
\Gm@cnth=\count105
\Gm@cntv=\count106
\c@Gm@tempcnt=\count107
\Gm@bindingoffset=\dimen118
\Gm@wd@mp=\dimen119
\Gm@odd@mp=\dimen120
\Gm@even@mp=\dimen121
\Gm@layoutwidth=\dimen122
\Gm@layoutheight=\dimen123
\Gm@layouthoffset=\dimen124
\Gm@layoutvoffset=\dimen125
\Gm@dimlist=\toks15

("C:\Users\mat77\AppData\Local\Programs\MiKTeX 2.9\tex\latex\geometry\geometry.cfg"))
("C:\Users\mat77\AppData\Local\Programs\MiKTeX 2.9\tex\latex\base\size11.clo"
File: size11.clo 2014/09/29 v1.4h Standard LaTeX file (size option)
)
("C:\Users\mat77\AppData\Local\Programs\MiKTeX 2.9\tex\latex\pgf\basiclayer\pgfcore.sty"
("C:\Users\mat77\AppData\Local\Programs\MiKTeX 2.9\tex\latex\graphics\graphicx.sty"
Package: graphicx 2017/06/01 v1.1a Enhanced LaTeX Graphics (DPC,SPQR)

("C:\Users\mat77\AppData\Local\Programs\MiKTeX 2.9\tex\latex\graphics\graphics.sty"
Package: graphics 2017/06/25 v1.2c Standard LaTeX Graphics (DPC,SPQR)

("C:\Users\mat77\AppData\Local\Programs\MiKTeX 2.9\tex\latex\graphics\trig.sty"
Package: trig 2016/01/03 v1.10 sin cos tan (DPC)
)
("C:\Users\mat77\AppData\Local\Programs\MiKTeX 2.9\tex\latex\graphics-cfg\graphics.cfg"
File: graphics.cfg 2016/06/04 v1.11 sample graphics configuration
)
Package graphics Info: Driver file: pdftex.def on input line 99.

("C:\Users\mat77\AppData\Local\Programs\MiKTeX 2.9\tex\latex\graphics-def\pdftex.def"
File: pdftex.def 2018/01/08 v1.0l Graphics/color driver for pdftex
))
\Gin@req@height=\dimen126
\Gin@req@width=\dimen127
)
("C:\Users\mat77\AppData\Local\Programs\MiKTeX 2.9\tex\latex\pgf\systemlayer\pgfsys.sty"
("C:\Users\mat77\AppData\Local\Programs\MiKTeX 2.9\tex\latex\pgf\utilities\pgfrcs.sty"
("C:\Users\mat77\AppData\Local\Programs\MiKTeX 2.9\tex\generic\pgf\utilities\pgfutil-common.tex"
\pgfutil@everybye=\toks16
\pgfutil@tempdima=\dimen128
\pgfutil@tempdimb=\dimen129

("C:\Users\mat77\AppData\Local\Programs\MiKTeX 2.9\tex\generic\pgf\utilities\pgfutil-common-lists.tex"))
("C:\Users\mat77\AppData\Local\Programs\MiKTeX 2.9\tex\generic\pgf\utilities\pgfutil-latex.def"
\pgfutil@abb=\box34

("C:\Users\mat77\AppData\Local\Programs\MiKTeX 2.9\tex\latex\ms\everyshi.sty"
Package: everyshi 2001/05/15 v3.00 EveryShipout Package (MS)
))
("C:\Users\mat77\AppData\Local\Programs\MiKTeX 2.9\tex\generic\pgf\utilities\pgfrcs.code.tex"
Package: pgfrcs 2015/08/07 v3.0.1a (rcs-revision 1.31)
))
("C:\Users\mat77\AppData\Local\Programs\MiKTeX 2.9\tex\generic\pgf\systemlayer\pgfsys.code.tex"
Package: pgfsys 2014/07/09 v3.0.1a (rcs-revision 1.48)

("C:\Users\mat77\AppData\Local\Programs\MiKTeX 2.9\tex\generic\pgf\utilities\pgfkeys.code.tex"
\pgfkeys@pathtoks=\toks17
\pgfkeys@temptoks=\toks18

("C:\Users\mat77\AppData\Local\Programs\MiKTeX 2.9\tex\generic\pgf\utilities\pgfkeysfiltered.code.tex"
\pgfkeys@tmptoks=\toks19
))
\pgf@x=\dimen130
\pgf@y=\dimen131
\pgf@xa=\dimen132
\pgf@ya=\dimen133
\pgf@xb=\dimen134
\pgf@yb=\dimen135
\pgf@xc=\dimen136
\pgf@yc=\dimen137
\w@pgf@writea=\write3
\r@pgf@reada=\read1
\c@pgf@counta=\count108
\c@pgf@countb=\count109
\c@pgf@countc=\count110
\c@pgf@countd=\count111
\t@pgf@toka=\toks20
\t@pgf@tokb=\toks21
\t@pgf@tokc=\toks22

("C:\Users\mat77\AppData\Local\Programs\MiKTeX 2.9\tex\generic\pgf\systemlayer\pgf.cfg"
File: pgf.cfg 2008/05/14  (rcs-revision 1.7)
)
Driver file for pgf: pgfsys-pdftex.def

("C:\Users\mat77\AppData\Local\Programs\MiKTeX 2.9\tex\generic\pgf\systemlayer\pgfsys-pdftex.def"
File: pgfsys-pdftex.def 2014/10/11  (rcs-revision 1.35)

("C:\Users\mat77\AppData\Local\Programs\MiKTeX 2.9\tex\generic\pgf\systemlayer\pgfsys-common-pdf.def"
File: pgfsys-common-pdf.def 2013/10/10  (rcs-revision 1.13)
)))
("C:\Users\mat77\AppData\Local\Programs\MiKTeX 2.9\tex\generic\pgf\systemlayer\pgfsyssoftpath.code.tex"
File: pgfsyssoftpath.code.tex 2013/09/09  (rcs-revision 1.9)
\pgfsyssoftpath@smallbuffer@items=\count112
\pgfsyssoftpath@bigbuffer@items=\count113
)
("C:\Users\mat77\AppData\Local\Programs\MiKTeX 2.9\tex\generic\pgf\systemlayer\pgfsysprotocol.code.tex"
File: pgfsysprotocol.code.tex 2006/10/16  (rcs-revision 1.4)
))
("C:\Users\mat77\AppData\Local\Programs\MiKTeX 2.9\tex\latex\xcolor\xcolor.sty"
Package: xcolor 2016/05/11 v2.12 LaTeX color extensions (UK)

("C:\Users\mat77\AppData\Local\Programs\MiKTeX 2.9\tex\latex\graphics-cfg\color.cfg"
File: color.cfg 2016/01/02 v1.6 sample color configuration
)
Package xcolor Info: Driver file: pdftex.def on input line 225.
Package xcolor Info: Model `cmy' substituted by `cmy0' on input line 1348.
Package xcolor Info: Model `hsb' substituted by `rgb' on input line 1352.
Package xcolor Info: Model `RGB' extended on input line 1364.
Package xcolor Info: Model `HTML' substituted by `rgb' on input line 1366.
Package xcolor Info: Model `Hsb' substituted by `hsb' on input line 1367.
Package xcolor Info: Model `tHsb' substituted by `hsb' on input line 1368.
Package xcolor Info: Model `HSB' substituted by `hsb' on input line 1369.
Package xcolor Info: Model `Gray' substituted by `gray' on input line 1370.
Package xcolor Info: Model `wave' substituted by `hsb' on input line 1371.
)
("C:\Users\mat77\AppData\Local\Programs\MiKTeX 2.9\tex\generic\pgf\basiclayer\pgfcore.code.tex"
Package: pgfcore 2010/04/11 v3.0.1a (rcs-revision 1.7)

("C:\Users\mat77\AppData\Local\Programs\MiKTeX 2.9\tex\generic\pgf\math\pgfmath.code.tex"
("C:\Users\mat77\AppData\Local\Programs\MiKTeX 2.9\tex\generic\pgf\math\pgfmathcalc.code.tex"
("C:\Users\mat77\AppData\Local\Programs\MiKTeX 2.9\tex\generic\pgf\math\pgfmathutil.code.tex")
("C:\Users\mat77\AppData\Local\Programs\MiKTeX 2.9\tex\generic\pgf\math\pgfmathparser.code.tex"
\pgfmath@dimen=\dimen138
\pgfmath@count=\count114
\pgfmath@box=\box35
\pgfmath@toks=\toks23
\pgfmath@stack@operand=\toks24
\pgfmath@stack@operation=\toks25
)
("C:\Users\mat77\AppData\Local\Programs\MiKTeX 2.9\tex\generic\pgf\math\pgfmathfunctions.code.tex"
("C:\Users\mat77\AppData\Local\Programs\MiKTeX 2.9\tex\generic\pgf\math\pgfmathfunctions.basic.code.tex")
("C:\Users\mat77\AppData\Local\Programs\MiKTeX 2.9\tex\generic\pgf\math\pgfmathfunctions.trigonometric.code.tex")
("C:\Users\mat77\AppData\Local\Programs\MiKTeX 2.9\tex\generic\pgf\math\pgfmathfunctions.random.code.tex")
("C:\Users\mat77\AppData\Local\Programs\MiKTeX 2.9\tex\generic\pgf\math\pgfmathfunctions.comparison.code.tex")
("C:\Users\mat77\AppData\Local\Programs\MiKTeX 2.9\tex\generic\pgf\math\pgfmathfunctions.base.code.tex")
("C:\Users\mat77\AppData\Local\Programs\MiKTeX 2.9\tex\generic\pgf\math\pgfmathfunctions.round.code.tex")
("C:\Users\mat77\AppData\Local\Programs\MiKTeX 2.9\tex\generic\pgf\math\pgfmathfunctions.misc.code.tex")
("C:\Users\mat77\AppData\Local\Programs\MiKTeX 2.9\tex\generic\pgf\math\pgfmathfunctions.integerarithmetics.code.tex")))
("C:\Users\mat77\AppData\Local\Programs\MiKTeX 2.9\tex\generic\pgf\math\pgfmathfloat.code.tex"
\c@pgfmathroundto@lastzeros=\count115
))
("C:\Users\mat77\AppData\Local\Programs\MiKTeX 2.9\tex\generic\pgf\basiclayer\pgfcorepoints.code.tex"
File: pgfcorepoints.code.tex 2013/10/07  (rcs-revision 1.27)
\pgf@picminx=\dimen139
\pgf@picmaxx=\dimen140
\pgf@picminy=\dimen141
\pgf@picmaxy=\dimen142
\pgf@pathminx=\dimen143
\pgf@pathmaxx=\dimen144
\pgf@pathminy=\dimen145
\pgf@pathmaxy=\dimen146
\pgf@xx=\dimen147
\pgf@xy=\dimen148
\pgf@yx=\dimen149
\pgf@yy=\dimen150
\pgf@zx=\dimen151
\pgf@zy=\dimen152
)
("C:\Users\mat77\AppData\Local\Programs\MiKTeX 2.9\tex\generic\pgf\basiclayer\pgfcorepathconstruct.code.tex"
File: pgfcorepathconstruct.code.tex 2013/10/07  (rcs-revision 1.29)
\pgf@path@lastx=\dimen153
\pgf@path@lasty=\dimen154
)
("C:\Users\mat77\AppData\Local\Programs\MiKTeX 2.9\tex\generic\pgf\basiclayer\pgfcorepathusage.code.tex"
File: pgfcorepathusage.code.tex 2014/11/02  (rcs-revision 1.24)
\pgf@shorten@end@additional=\dimen155
\pgf@shorten@start@additional=\dimen156
)
("C:\Users\mat77\AppData\Local\Programs\MiKTeX 2.9\tex\generic\pgf\basiclayer\pgfcorescopes.code.tex"
File: pgfcorescopes.code.tex 2015/05/08  (rcs-revision 1.46)
\pgfpic=\box36
\pgf@hbox=\box37
\pgf@layerbox@main=\box38
\pgf@picture@serial@count=\count116
)
("C:\Users\mat77\AppData\Local\Programs\MiKTeX 2.9\tex\generic\pgf\basiclayer\pgfcoregraphicstate.code.tex"
File: pgfcoregraphicstate.code.tex 2014/11/02  (rcs-revision 1.12)
\pgflinewidth=\dimen157
)
("C:\Users\mat77\AppData\Local\Programs\MiKTeX 2.9\tex\generic\pgf\basiclayer\pgfcoretransformations.code.tex"
File: pgfcoretransformations.code.tex 2015/08/07  (rcs-revision 1.20)
\pgf@pt@x=\dimen158
\pgf@pt@y=\dimen159
\pgf@pt@temp=\dimen160
)
("C:\Users\mat77\AppData\Local\Programs\MiKTeX 2.9\tex\generic\pgf\basiclayer\pgfcorequick.code.tex"
File: pgfcorequick.code.tex 2008/10/09  (rcs-revision 1.3)
)
("C:\Users\mat77\AppData\Local\Programs\MiKTeX 2.9\tex\generic\pgf\basiclayer\pgfcoreobjects.code.tex"
File: pgfcoreobjects.code.tex 2006/10/11  (rcs-revision 1.2)
)
("C:\Users\mat77\AppData\Local\Programs\MiKTeX 2.9\tex\generic\pgf\basiclayer\pgfcorepathprocessing.code.tex"
File: pgfcorepathprocessing.code.tex 2013/09/09  (rcs-revision 1.9)
)
("C:\Users\mat77\AppData\Local\Programs\MiKTeX 2.9\tex\generic\pgf\basiclayer\pgfcorearrows.code.tex"
File: pgfcorearrows.code.tex 2015/05/14  (rcs-revision 1.43)
\pgfarrowsep=\dimen161
)
("C:\Users\mat77\AppData\Local\Programs\MiKTeX 2.9\tex\generic\pgf\basiclayer\pgfcoreshade.code.tex"
File: pgfcoreshade.code.tex 2013/07/15  (rcs-revision 1.15)
\pgf@max=\dimen162
\pgf@sys@shading@range@num=\count117
)
("C:\Users\mat77\AppData\Local\Programs\MiKTeX 2.9\tex\generic\pgf\basiclayer\pgfcoreimage.code.tex"
File: pgfcoreimage.code.tex 2013/07/15  (rcs-revision 1.18)

("C:\Users\mat77\AppData\Local\Programs\MiKTeX 2.9\tex\generic\pgf\basiclayer\pgfcoreexternal.code.tex"
File: pgfcoreexternal.code.tex 2014/07/09  (rcs-revision 1.21)
\pgfexternal@startupbox=\box39
))
("C:\Users\mat77\AppData\Local\Programs\MiKTeX 2.9\tex\generic\pgf\basiclayer\pgfcorelayers.code.tex"
File: pgfcorelayers.code.tex 2013/07/18  (rcs-revision 1.7)
)
("C:\Users\mat77\AppData\Local\Programs\MiKTeX 2.9\tex\generic\pgf\basiclayer\pgfcoretransparency.code.tex"
File: pgfcoretransparency.code.tex 2013/09/30  (rcs-revision 1.5)
)
("C:\Users\mat77\AppData\Local\Programs\MiKTeX 2.9\tex\generic\pgf\basiclayer\pgfcorepatterns.code.tex"
File: pgfcorepatterns.code.tex 2013/11/07  (rcs-revision 1.5)
)))
("C:\Users\mat77\AppData\Local\Programs\MiKTeX 2.9\tex\latex\pgf\utilities\xxcolor.sty"
Package: xxcolor 2003/10/24 ver 0.1
\XC@nummixins=\count118
\XC@countmixins=\count119
)
("C:\Users\mat77\AppData\Local\Programs\MiKTeX 2.9\tex\generic\oberdiek\atbegshi.sty"
Package: atbegshi 2016/06/09 v1.18 At begin shipout hook (HO)

("C:\Users\mat77\AppData\Local\Programs\MiKTeX 2.9\tex\generic\oberdiek\infwarerr.sty"
Package: infwarerr 2016/05/16 v1.4 Providing info/warning/error messages (HO)
)
("C:\Users\mat77\AppData\Local\Programs\MiKTeX 2.9\tex\generic\oberdiek\ltxcmds.sty"
Package: ltxcmds 2016/05/16 v1.23 LaTeX kernel commands for general use (HO)
))
("C:\Users\mat77\AppData\Local\Programs\MiKTeX 2.9\tex\latex\hyperref\hyperref.sty"
Package: hyperref 2018/02/06 v6.86b Hypertext links for LaTeX

("C:\Users\mat77\AppData\Local\Programs\MiKTeX 2.9\tex\generic\oberdiek\hobsub-hyperref.sty"
Package: hobsub-hyperref 2016/05/16 v1.14 Bundle oberdiek, subset hyperref (HO)

("C:\Users\mat77\AppData\Local\Programs\MiKTeX 2.9\tex\generic\oberdiek\hobsub-generic.sty"
Package: hobsub-generic 2016/05/16 v1.14 Bundle oberdiek, subset generic (HO)
Package: hobsub 2016/05/16 v1.14 Construct package bundles (HO)
Package hobsub Info: Skipping package `infwarerr' (already loaded).
Package hobsub Info: Skipping package `ltxcmds' (already loaded).
Package: ifluatex 2016/05/16 v1.4 Provides the ifluatex switch (HO)
Package ifluatex Info: LuaTeX not detected.
Package hobsub Info: Skipping package `ifvtex' (already loaded).
Package: intcalc 2016/05/16 v1.2 Expandable calculations with integers (HO)
Package hobsub Info: Skipping package `ifpdf' (already loaded).
Package: etexcmds 2016/05/16 v1.6 Avoid name clashes with e-TeX commands (HO)
Package etexcmds Info: Could not find \expanded.
(etexcmds)             That can mean that you are not using pdfTeX 1.50 or
(etexcmds)             that some package has redefined \expanded.
(etexcmds)             In the latter case, load this package earlier.
Package: kvsetkeys 2016/05/16 v1.17 Key value parser (HO)
Package: kvdefinekeys 2016/05/16 v1.4 Define keys (HO)
Package: pdftexcmds 2018/01/30 v0.27 Utility functions of pdfTeX for LuaTeX (HO)
Package pdftexcmds Info: LuaTeX not detected.
Package pdftexcmds Info: \pdf@primitive is available.
Package pdftexcmds Info: \pdf@ifprimitive is available.
Package pdftexcmds Info: \pdfdraftmode found.
Package: pdfescape 2016/05/16 v1.14 Implements pdfTeX's escape features (HO)
Package: bigintcalc 2016/05/16 v1.4 Expandable calculations on big integers (HO)
Package: bitset 2016/05/16 v1.2 Handle bit-vector datatype (HO)
Package: uniquecounter 2016/05/16 v1.3 Provide unlimited unique counter (HO)
)
Package hobsub Info: Skipping package `hobsub' (already loaded).
Package: letltxmacro 2016/05/16 v1.5 Let assignment for LaTeX macros (HO)
Package: hopatch 2016/05/16 v1.3 Wrapper for package hooks (HO)
Package: xcolor-patch 2016/05/16 xcolor patch
Package: atveryend 2016/05/16 v1.9 Hooks at the very end of document (HO)
Package hobsub Info: Skipping package `atbegshi' (already loaded).
Package: refcount 2016/05/16 v3.5 Data extraction from label references (HO)
Package: hycolor 2016/05/16 v1.8 Color options for hyperref/bookmark (HO)
)
("C:\Users\mat77\AppData\Local\Programs\MiKTeX 2.9\tex\latex\oberdiek\auxhook.sty"
Package: auxhook 2016/05/16 v1.4 Hooks for auxiliary files (HO)
)
("C:\Users\mat77\AppData\Local\Programs\MiKTeX 2.9\tex\latex\oberdiek\kvoptions.sty"
Package: kvoptions 2016/05/16 v3.12 Key value format for package options (HO)
)
\@linkdim=\dimen163
\Hy@linkcounter=\count120
\Hy@pagecounter=\count121

("C:\Users\mat77\AppData\Local\Programs\MiKTeX 2.9\tex\latex\hyperref\pd1enc.def"
File: pd1enc.def 2018/02/06 v6.86b Hyperref: PDFDocEncoding definition (HO)
Now handling font encoding PD1 ...
... no UTF-8 mapping file for font encoding PD1
)
\Hy@SavedSpaceFactor=\count122

("C:\Users\mat77\AppData\Local\Programs\MiKTeX 2.9\tex\latex\00miktex\hyperref.cfg"
File: hyperref.cfg 2002/06/06 v1.2 hyperref configuration of TeXLive
)
Package hyperref Info: Option `bookmarks' set `true' on input line 4383.
Package hyperref Info: Option `bookmarksopen' set `true' on input line 4383.
Package hyperref Info: Option `implicit' set `false' on input line 4383.
Package hyperref Info: Hyper figures OFF on input line 4509.
Package hyperref Info: Link nesting OFF on input line 4514.
Package hyperref Info: Hyper index ON on input line 4517.
Package hyperref Info: Plain pages OFF on input line 4524.
Package hyperref Info: Backreferencing OFF on input line 4529.
Package hyperref Info: Implicit mode OFF; no redefinition of LaTeX internals.
Package hyperref Info: Bookmarks ON on input line 4762.
\c@Hy@tempcnt=\count123

("C:\Users\mat77\AppData\Local\Programs\MiKTeX 2.9\tex\latex\url\url.sty"
\Urlmuskip=\muskip10
Package: url 2013/09/16  ver 3.4  Verb mode for urls, etc.
)
LaTeX Info: Redefining \url on input line 5115.
\XeTeXLinkMargin=\dimen164
\Fld@menulength=\count124
\Field@Width=\dimen165
\Fld@charsize=\dimen166
Package hyperref Info: Hyper figures OFF on input line 6369.
Package hyperref Info: Link nesting OFF on input line 6374.
Package hyperref Info: Hyper index ON on input line 6377.
Package hyperref Info: backreferencing OFF on input line 6384.
Package hyperref Info: Link coloring OFF on input line 6389.
Package hyperref Info: Link coloring with OCG OFF on input line 6394.
Package hyperref Info: PDF/A mode OFF on input line 6399.
LaTeX Info: Redefining \ref on input line 6439.
LaTeX Info: Redefining \pageref on input line 6443.
\Hy@abspage=\count125


Package hyperref Message: Stopped early.

)
Package hyperref Info: Driver (autodetected): hpdftex.
 ("C:\Users\mat77\AppData\Local\Programs\MiKTeX 2.9\tex\latex\hyperref\hpdftex.def"
File: hpdftex.def 2018/02/06 v6.86b Hyperref driver for pdfTeX
\Fld@listcount=\count126
\c@bookmark@seq@number=\count127

("C:\Users\mat77\AppData\Local\Programs\MiKTeX 2.9\tex\latex\oberdiek\rerunfilecheck.sty"
Package: rerunfilecheck 2016/05/16 v1.8 Rerun checks for auxiliary files (HO)
Package uniquecounter Info: New unique counter `rerunfilecheck' on input line 282.
))
("C:\Users\mat77\AppData\Local\Programs\MiKTeX 2.9\tex\latex\beamer\beamerbaserequires.sty"
("C:\Users\mat77\AppData\Local\Programs\MiKTeX 2.9\tex\latex\beamer\beamerbasecompatibility.sty")
("C:\Users\mat77\AppData\Local\Programs\MiKTeX 2.9\tex\latex\beamer\beamerbasefont.sty"
("C:\Users\mat77\AppData\Local\Programs\MiKTeX 2.9\tex\latex\amsfonts\amssymb.sty"
Package: amssymb 2013/01/14 v3.01 AMS font symbols

("C:\Users\mat77\AppData\Local\Programs\MiKTeX 2.9\tex\latex\amsfonts\amsfonts.sty"
Package: amsfonts 2013/01/14 v3.01 Basic AMSFonts support
\@emptytoks=\toks26
\symAMSa=\mathgroup4
\symAMSb=\mathgroup5
LaTeX Font Info:    Overwriting math alphabet `\mathfrak' in version `bold'
(Font)                  U/euf/m/n --> U/euf/b/n on input line 106.
))
("C:\Users\mat77\AppData\Local\Programs\MiKTeX 2.9\tex\latex\sansmathaccent\sansmathaccent.sty"
Package: sansmathaccent 2013/03/28

("C:\Users\mat77\AppData\Local\Programs\MiKTeX 2.9\tex\latex\filehook\filehook.sty"
Package: filehook 2011/10/12 v0.5d Hooks for input files
)))
("C:\Users\mat77\AppData\Local\Programs\MiKTeX 2.9\tex\latex\beamer\beamerbasetranslator.sty"
("C:\Users\mat77\AppData\Local\Programs\MiKTeX 2.9\tex\latex\translator\translator.sty"
Package: translator 2018/01/04 v1.12 Easy translation of strings in LaTeX
))
("C:\Users\mat77\AppData\Local\Programs\MiKTeX 2.9\tex\latex\beamer\beamerbasemisc.sty")
("C:\Users\mat77\AppData\Local\Programs\MiKTeX 2.9\tex\latex\beamer\beamerbasetwoscreens.sty")
("C:\Users\mat77\AppData\Local\Programs\MiKTeX 2.9\tex\latex\beamer\beamerbaseoverlay.sty"
\beamer@argscount=\count128
\beamer@lastskipcover=\skip44
\beamer@trivlistdepth=\count129
)
("C:\Users\mat77\AppData\Local\Programs\MiKTeX 2.9\tex\latex\beamer\beamerbasetitle.sty")
("C:\Users\mat77\AppData\Local\Programs\MiKTeX 2.9\tex\latex\beamer\beamerbasesection.sty"
\c@lecture=\count130
\c@part=\count131
\c@section=\count132
\c@subsection=\count133
\c@subsubsection=\count134
)
("C:\Users\mat77\AppData\Local\Programs\MiKTeX 2.9\tex\latex\beamer\beamerbaseframe.sty"
\beamer@framebox=\box40
\beamer@frametitlebox=\box41
\beamer@zoombox=\box42
\beamer@zoomcount=\count135
\beamer@zoomframecount=\count136
\beamer@frametextheight=\dimen167
\c@subsectionslide=\count137
\beamer@frametopskip=\skip45
\beamer@framebottomskip=\skip46
\beamer@frametopskipautobreak=\skip47
\beamer@framebottomskipautobreak=\skip48
\beamer@envbody=\toks27
\framewidth=\dimen168
\c@framenumber=\count138
)
("C:\Users\mat77\AppData\Local\Programs\MiKTeX 2.9\tex\latex\beamer\beamerbaseverbatim.sty"
\beamer@verbatimfileout=\write4
)
("C:\Users\mat77\AppData\Local\Programs\MiKTeX 2.9\tex\latex\beamer\beamerbaseframesize.sty"
\beamer@splitbox=\box43
\beamer@autobreakcount=\count139
\beamer@autobreaklastheight=\dimen169
\beamer@frametitletoks=\toks28
\beamer@framesubtitletoks=\toks29
)
("C:\Users\mat77\AppData\Local\Programs\MiKTeX 2.9\tex\latex\beamer\beamerbaseframecomponents.sty"
\beamer@footins=\box44
)
("C:\Users\mat77\AppData\Local\Programs\MiKTeX 2.9\tex\latex\beamer\beamerbasecolor.sty")
("C:\Users\mat77\AppData\Local\Programs\MiKTeX 2.9\tex\latex\beamer\beamerbasenotes.sty"
\beamer@frameboxcopy=\box45
)
("C:\Users\mat77\AppData\Local\Programs\MiKTeX 2.9\tex\latex\beamer\beamerbasetoc.sty")
("C:\Users\mat77\AppData\Local\Programs\MiKTeX 2.9\tex\latex\beamer\beamerbasetemplates.sty"
\beamer@sbttoks=\toks30

("C:\Users\mat77\AppData\Local\Programs\MiKTeX 2.9\tex\latex\beamer\beamerbaseauxtemplates.sty"
("C:\Users\mat77\AppData\Local\Programs\MiKTeX 2.9\tex\latex\beamer\beamerbaseboxes.sty"
\bmb@box=\box46
\bmb@colorbox=\box47
\bmb@boxshadow=\box48
\bmb@boxshadowball=\box49
\bmb@boxshadowballlarge=\box50
\bmb@temp=\dimen170
\bmb@dima=\dimen171
\bmb@dimb=\dimen172
\bmb@prevheight=\dimen173
)
\beamer@blockheadheight=\dimen174
))
("C:\Users\mat77\AppData\Local\Programs\MiKTeX 2.9\tex\latex\beamer\beamerbaselocalstructure.sty"
("C:\Users\mat77\AppData\Local\Programs\MiKTeX 2.9\tex\latex\tools\enumerate.sty"
Package: enumerate 2015/07/23 v3.00 enumerate extensions (DPC)
\@enLab=\toks31
)
\c@figure=\count140
\c@table=\count141
\abovecaptionskip=\skip49
\belowcaptionskip=\skip50
)
("C:\Users\mat77\AppData\Local\Programs\MiKTeX 2.9\tex\latex\beamer\beamerbasenavigation.sty"
\beamer@section@min@dim=\dimen175
)
("C:\Users\mat77\AppData\Local\Programs\MiKTeX 2.9\tex\latex\beamer\beamerbasetheorems.sty"
("C:\Users\mat77\AppData\Local\Programs\MiKTeX 2.9\tex\latex\amsmath\amsmath.sty"
Package: amsmath 2017/09/02 v2.17a AMS math features
\@mathmargin=\skip51

For additional information on amsmath, use the `?' option.
("C:\Users\mat77\AppData\Local\Programs\MiKTeX 2.9\tex\latex\amsmath\amstext.sty"
Package: amstext 2000/06/29 v2.01 AMS text

("C:\Users\mat77\AppData\Local\Programs\MiKTeX 2.9\tex\latex\amsmath\amsgen.sty"
File: amsgen.sty 1999/11/30 v2.0 generic functions
\@emptytoks=\toks32
\ex@=\dimen176
))
("C:\Users\mat77\AppData\Local\Programs\MiKTeX 2.9\tex\latex\amsmath\amsbsy.sty"
Package: amsbsy 1999/11/29 v1.2d Bold Symbols
\pmbraise@=\dimen177
)
("C:\Users\mat77\AppData\Local\Programs\MiKTeX 2.9\tex\latex\amsmath\amsopn.sty"
Package: amsopn 2016/03/08 v2.02 operator names
)
\inf@bad=\count142
LaTeX Info: Redefining \frac on input line 213.
\uproot@=\count143
\leftroot@=\count144
LaTeX Info: Redefining \overline on input line 375.
\classnum@=\count145
\DOTSCASE@=\count146
LaTeX Info: Redefining \ldots on input line 472.
LaTeX Info: Redefining \dots on input line 475.
LaTeX Info: Redefining \cdots on input line 596.
\Mathstrutbox@=\box51
\strutbox@=\box52
\big@size=\dimen178
LaTeX Font Info:    Redeclaring font encoding OML on input line 712.
LaTeX Font Info:    Redeclaring font encoding OMS on input line 713.
\macc@depth=\count147
\c@MaxMatrixCols=\count148
\dotsspace@=\muskip11
\c@parentequation=\count149
\dspbrk@lvl=\count150
\tag@help=\toks33
\row@=\count151
\column@=\count152
\maxfields@=\count153
\andhelp@=\toks34
\eqnshift@=\dimen179
\alignsep@=\dimen180
\tagshift@=\dimen181
\tagwidth@=\dimen182
\totwidth@=\dimen183
\lineht@=\dimen184
\@envbody=\toks35
\multlinegap=\skip52
\multlinetaggap=\skip53
\mathdisplay@stack=\toks36
LaTeX Info: Redefining \[ on input line 2817.
LaTeX Info: Redefining \] on input line 2818.
)
("C:\Users\mat77\AppData\Local\Programs\MiKTeX 2.9\tex\latex\amscls\amsthm.sty"
Package: amsthm 2017/10/31 v2.20.4
\thm@style=\toks37
\thm@bodyfont=\toks38
\thm@headfont=\toks39
\thm@notefont=\toks40
\thm@headpunct=\toks41
\thm@preskip=\skip54
\thm@postskip=\skip55
\thm@headsep=\skip56
\dth@everypar=\toks42
)
\c@theorem=\count154
)
("C:\Users\mat77\AppData\Local\Programs\MiKTeX 2.9\tex\latex\beamer\beamerbasethemes.sty"))
("C:\Users\mat77\AppData\Local\Programs\MiKTeX 2.9\tex\latex\beamer\beamerthemedefault.sty"
("C:\Users\mat77\AppData\Local\Programs\MiKTeX 2.9\tex\latex\beamer\beamerfontthemedefault.sty")
("C:\Users\mat77\AppData\Local\Programs\MiKTeX 2.9\tex\latex\beamer\beamercolorthemedefault.sty")
("C:\Users\mat77\AppData\Local\Programs\MiKTeX 2.9\tex\latex\beamer\beamerinnerthemedefault.sty"
\beamer@dima=\dimen185
\beamer@dimb=\dimen186
)
("C:\Users\mat77\AppData\Local\Programs\MiKTeX 2.9\tex\latex\beamer\beamerouterthemedefault.sty")))
("C:\Users\mat77\AppData\Local\Programs\MiKTeX 2.9\tex\latex\pgf\basiclayer\pgf.sty"
Package: pgf 2015/08/07 v3.0.1a (rcs-revision 1.15)

("C:\Users\mat77\AppData\Local\Programs\MiKTeX 2.9\tex\generic\pgf\modules\pgfmoduleshapes.code.tex"
File: pgfmoduleshapes.code.tex 2014/03/21  (rcs-revision 1.35)
\pgfnodeparttextbox=\box53
)
("C:\Users\mat77\AppData\Local\Programs\MiKTeX 2.9\tex\generic\pgf\modules\pgfmoduleplot.code.tex"
File: pgfmoduleplot.code.tex 2015/08/03  (rcs-revision 1.13)
)
("C:\Users\mat77\AppData\Local\Programs\MiKTeX 2.9\tex\latex\pgf\compatibility\pgfcomp-version-0-65.sty"
Package: pgfcomp-version-0-65 2007/07/03 v3.0.1a (rcs-revision 1.7)
\pgf@nodesepstart=\dimen187
\pgf@nodesepend=\dimen188
)
("C:\Users\mat77\AppData\Local\Programs\MiKTeX 2.9\tex\latex\pgf\compatibility\pgfcomp-version-1-18.sty"
Package: pgfcomp-version-1-18 2007/07/23 v3.0.1a (rcs-revision 1.1)
))
("C:\Users\mat77\AppData\Local\Programs\MiKTeX 2.9\tex\latex\pgf\frontendlayer\tikz.sty"
("C:\Users\mat77\AppData\Local\Programs\MiKTeX 2.9\tex\latex\pgf\utilities\pgffor.sty"
("C:\Users\mat77\AppData\Local\Programs\MiKTeX 2.9\tex\latex\pgf\utilities\pgfkeys.sty"
("C:\Users\mat77\AppData\Local\Programs\MiKTeX 2.9\tex\generic\pgf\utilities\pgfkeys.code.tex"))
("C:\Users\mat77\AppData\Local\Programs\MiKTeX 2.9\tex\latex\pgf\math\pgfmath.sty"
("C:\Users\mat77\AppData\Local\Programs\MiKTeX 2.9\tex\generic\pgf\math\pgfmath.code.tex"))
("C:\Users\mat77\AppData\Local\Programs\MiKTeX 2.9\tex\generic\pgf\utilities\pgffor.code.tex"
Package: pgffor 2013/12/13 v3.0.1a (rcs-revision 1.25)

("C:\Users\mat77\AppData\Local\Programs\MiKTeX 2.9\tex\generic\pgf\math\pgfmath.code.tex")
\pgffor@iter=\dimen189
\pgffor@skip=\dimen190
\pgffor@stack=\toks43
\pgffor@toks=\toks44
))
("C:\Users\mat77\AppData\Local\Programs\MiKTeX 2.9\tex\generic\pgf\frontendlayer\tikz\tikz.code.tex"
Package: tikz 2015/08/07 v3.0.1a (rcs-revision 1.151)

("C:\Users\mat77\AppData\Local\Programs\MiKTeX 2.9\tex\generic\pgf\libraries\pgflibraryplothandlers.code.tex"
File: pgflibraryplothandlers.code.tex 2013/08/31 v3.0.1a (rcs-revision 1.20)
\pgf@plot@mark@count=\count155
\pgfplotmarksize=\dimen191
)
\tikz@lastx=\dimen192
\tikz@lasty=\dimen193
\tikz@lastxsaved=\dimen194
\tikz@lastysaved=\dimen195
\tikzleveldistance=\dimen196
\tikzsiblingdistance=\dimen197
\tikz@figbox=\box54
\tikz@figbox@bg=\box55
\tikz@tempbox=\box56
\tikz@tempbox@bg=\box57
\tikztreelevel=\count156
\tikznumberofchildren=\count157
\tikznumberofcurrentchild=\count158
\tikz@fig@count=\count159

("C:\Users\mat77\AppData\Local\Programs\MiKTeX 2.9\tex\generic\pgf\modules\pgfmodulematrix.code.tex"
File: pgfmodulematrix.code.tex 2013/09/17  (rcs-revision 1.8)
\pgfmatrixcurrentrow=\count160
\pgfmatrixcurrentcolumn=\count161
\pgf@matrix@numberofcolumns=\count162
)
\tikz@expandcount=\count163

("C:\Users\mat77\AppData\Local\Programs\MiKTeX 2.9\tex\generic\pgf\frontendlayer\tikz\libraries\tikzlibrarytopaths.code.
tex"
File: tikzlibrarytopaths.code.tex 2008/06/17 v3.0.1a (rcs-revision 1.2)
)))
("C:\Users\mat77\AppData\Local\Programs\MiKTeX 2.9\tex\generic\pgf\frontendlayer\tikz\libraries\tikzlibrarysnakes.code.t
ex"
File: tikzlibrarysnakes.code.tex 2013/07/15 v3.0.1a (rcs-revision 1.7)


Package pgf Warning: Snakes have been superseded by decorations. Please use the decoration libraries instead of the snak
es library on input line 14.


("C:\Users\mat77\AppData\Local\Programs\MiKTeX 2.9\tex\generic\pgf\frontendlayer\tikz\libraries\tikzlibrarydecorations.p
athmorphing.code.tex"
("C:\Users\mat77\AppData\Local\Programs\MiKTeX 2.9\tex\generic\pgf\frontendlayer\tikz\libraries\tikzlibrarydecorations.c
ode.tex" ("C:\Users\mat77\AppData\Local\Programs\MiKTeX 2.9\tex\generic\pgf\modules\pgfmoduledecorations.code.tex"
\pgfdecoratedcompleteddistance=\dimen198
\pgfdecoratedremainingdistance=\dimen199
\pgfdecoratedinputsegmentcompleteddistance=\dimen256
\pgfdecoratedinputsegmentremainingdistance=\dimen257
\pgf@decorate@distancetomove=\dimen258
\pgf@decorate@repeatstate=\count164
\pgfdecorationsegmentamplitude=\dimen259
\pgfdecorationsegmentlength=\dimen260
)
\tikz@lib@dec@box=\box58
)
("C:\Users\mat77\AppData\Local\Programs\MiKTeX 2.9\tex\generic\pgf\libraries\decorations\pgflibrarydecorations.pathmorph
ing.code.tex"))
("C:\Users\mat77\AppData\Local\Programs\MiKTeX 2.9\tex\generic\pgf\frontendlayer\tikz\libraries\tikzlibrarydecorations.p
athreplacing.code.tex"
("C:\Users\mat77\AppData\Local\Programs\MiKTeX 2.9\tex\generic\pgf\libraries\decorations\pgflibrarydecorations.pathrepla
cing.code.tex"))
("C:\Users\mat77\AppData\Local\Programs\MiKTeX 2.9\tex\generic\pgf\frontendlayer\tikz\libraries\tikzlibrarydecorations.s
hapes.code.tex"
("C:\Users\mat77\AppData\Local\Programs\MiKTeX 2.9\tex\generic\pgf\libraries\decorations\pgflibrarydecorations.shapes.co
de.tex")))
("C:\Users\mat77\AppData\Local\Programs\MiKTeX 2.9\tex\generic\pgf\frontendlayer\tikz\libraries\tikzlibraryplotmarks.cod
e.tex"
File: tikzlibraryplotmarks.code.tex 2008/01/09 v3.0.1a (rcs-revision 1.1)
 ("C:\Users\mat77\AppData\Local\Programs\MiKTeX 2.9\tex\generic\pgf\libraries\pgflibraryplotmarks.code.tex"
File: pgflibraryplotmarks.code.tex 2015/08/03 v3.0.1a (rcs-revision 1.14)
))
("C:\Users\mat77\AppData\Local\Programs\MiKTeX 2.9\tex\generic\pgf\frontendlayer\tikz\libraries\tikzlibrarypositioning.c
ode.tex"
File: tikzlibrarypositioning.code.tex 2008/10/06 v3.0.1a (rcs-revision 1.7)
)
("C:\Users\mat77\AppData\Local\Programs\MiKTeX 2.9\tex\generic\pgf\frontendlayer\tikz\libraries\tikzlibraryshadows.code.
tex"
File: tikzlibraryshadows.code.tex 2008/01/13 v3.0.1a (rcs-revision 1.3)

("C:\Users\mat77\AppData\Local\Programs\MiKTeX 2.9\tex\generic\pgf\frontendlayer\tikz\libraries\tikzlibraryfadings.code.
tex"
File: tikzlibraryfadings.code.tex 2009/11/15 v3.0.1a (rcs-revision 1.2)
 ("C:\Users\mat77\AppData\Local\Programs\MiKTeX 2.9\tex\generic\pgf\libraries\pgflibraryfadings.code.tex"
File: pgflibraryfadings.code.tex 2008/02/07 v3.0.1a (rcs-revision 1.3)
)))
("C:\Users\mat77\AppData\Local\Programs\MiKTeX 2.9\tex\generic\pgf\frontendlayer\tikz\libraries\tikzlibraryarrows.code.t
ex"
File: tikzlibraryarrows.code.tex 2008/01/09 v3.0.1a (rcs-revision 1.1)
 ("C:\Users\mat77\AppData\Local\Programs\MiKTeX 2.9\tex\generic\pgf\libraries\pgflibraryarrows.code.tex"
File: pgflibraryarrows.code.tex 2013/09/23 v3.0.1a (rcs-revision 1.16)
\arrowsize=\dimen261
))
("C:\Users\mat77\AppData\Local\Programs\MiKTeX 2.9\tex\generic\pgf\frontendlayer\tikz\libraries\tikzlibraryshapes.code.t
ex"
File: tikzlibraryshapes.code.tex 2008/01/09 v3.0.1a (rcs-revision 1.1)

("C:\Users\mat77\AppData\Local\Programs\MiKTeX 2.9\tex\generic\pgf\frontendlayer\tikz\libraries\tikzlibraryshapes.geomet
ric.code.tex"
File: tikzlibraryshapes.geometric.code.tex 2008/01/09 v3.0.1a (rcs-revision 1.1)

("C:\Users\mat77\AppData\Local\Programs\MiKTeX 2.9\tex\generic\pgf\libraries\shapes\pgflibraryshapes.geometric.code.tex"
File: pgflibraryshapes.geometric.code.tex 2008/06/26 v3.0.1a (rcs-revision 1.1)
))
("C:\Users\mat77\AppData\Local\Programs\MiKTeX 2.9\tex\generic\pgf\frontendlayer\tikz\libraries\tikzlibraryshapes.misc.c
ode.tex"
File: tikzlibraryshapes.misc.code.tex 2008/01/09 v3.0.1a (rcs-revision 1.1)

("C:\Users\mat77\AppData\Local\Programs\MiKTeX 2.9\tex\generic\pgf\libraries\shapes\pgflibraryshapes.misc.code.tex"
File: pgflibraryshapes.misc.code.tex 2013/07/18 v3.0.1a (rcs-revision 1.5)
))
("C:\Users\mat77\AppData\Local\Programs\MiKTeX 2.9\tex\generic\pgf\frontendlayer\tikz\libraries\tikzlibraryshapes.symbol
s.code.tex"
File: tikzlibraryshapes.symbols.code.tex 2008/01/09 v3.0.1a (rcs-revision 1.1)

("C:\Users\mat77\AppData\Local\Programs\MiKTeX 2.9\tex\generic\pgf\libraries\shapes\pgflibraryshapes.symbols.code.tex"
File: pgflibraryshapes.symbols.code.tex 2013/09/11 v3.0.1a (rcs-revision 1.6)
))
("C:\Users\mat77\AppData\Local\Programs\MiKTeX 2.9\tex\generic\pgf\frontendlayer\tikz\libraries\tikzlibraryshapes.arrows
.code.tex"
File: tikzlibraryshapes.arrows.code.tex 2008/01/09 v3.0.1a (rcs-revision 1.1)

("C:\Users\mat77\AppData\Local\Programs\MiKTeX 2.9\tex\generic\pgf\libraries\shapes\pgflibraryshapes.arrows.code.tex"
File: pgflibraryshapes.arrows.code.tex 2008/06/26 v3.0.1a (rcs-revision 1.1)
))
("C:\Users\mat77\AppData\Local\Programs\MiKTeX 2.9\tex\generic\pgf\frontendlayer\tikz\libraries\tikzlibraryshapes.callou
ts.code.tex"
("C:\Users\mat77\AppData\Local\Programs\MiKTeX 2.9\tex\generic\pgf\libraries\shapes\pgflibraryshapes.callouts.code.tex")
)
("C:\Users\mat77\AppData\Local\Programs\MiKTeX 2.9\tex\generic\pgf\frontendlayer\tikz\libraries\tikzlibraryshapes.multip
art.code.tex"
File: tikzlibraryshapes.multipart.code.tex 2008/01/09 v3.0.1a (rcs-revision 1.1)

("C:\Users\mat77\AppData\Local\Programs\MiKTeX 2.9\tex\generic\pgf\libraries\shapes\pgflibraryshapes.multipart.code.tex"
File: pgflibraryshapes.multipart.code.tex 2010/01/07 v3.0.1a (rcs-revision 1.2)
\pgfnodepartlowerbox=\box59
\pgfnodeparttwobox=\box60
\pgfnodepartthreebox=\box61
\pgfnodepartfourbox=\box62
\pgfnodeparttwentybox=\box63
\pgfnodepartnineteenbox=\box64
\pgfnodeparteighteenbox=\box65
\pgfnodepartseventeenbox=\box66
\pgfnodepartsixteenbox=\box67
\pgfnodepartfifteenbox=\box68
\pgfnodepartfourteenbox=\box69
\pgfnodepartthirteenbox=\box70
\pgfnodeparttwelvebox=\box71
\pgfnodepartelevenbox=\box72
\pgfnodeparttenbox=\box73
\pgfnodepartninebox=\box74
\pgfnodeparteightbox=\box75
\pgfnodepartsevenbox=\box76
\pgfnodepartsixbox=\box77
\pgfnodepartfivebox=\box78
))) ("C:\Users\mat77\AppData\Local\Programs\MiKTeX 2.9\tex\latex\amsfonts\euscript.sty"
Package: euscript 2009/06/22 v3.00 Euler Script fonts
LaTeX Font Info:    Overwriting math alphabet `\EuScript' in version `bold'
(Font)                  U/eus/m/n --> U/eus/b/n on input line 33.
)
("C:\Users\mat77\AppData\Local\Programs\MiKTeX 2.9\tex\latex\eurosym\eurosym.sty"
Package: eurosym 1998/08/06 v1.1 European currency symbol ``Euro''
\@eurobox=\box79
)
("C:\Users\mat77\AppData\Local\Programs\MiKTeX 2.9\tex\latex\base\inputenc.sty"
Package: inputenc 2018/04/06 v1.3b Input encoding file
\inpenc@prehook=\toks45
\inpenc@posthook=\toks46

("C:\Users\mat77\AppData\Local\Programs\MiKTeX 2.9\tex\latex\base\latin1.def"
File: latin1.def 2018/04/06 v1.3b Input encoding file
))
("C:\Users\mat77\AppData\Local\Programs\MiKTeX 2.9\tex\latex\colortbl\colortbl.sty"
Package: colortbl 2018/05/02 v1.0c Color table columns (DPC)

("C:\Users\mat77\AppData\Local\Programs\MiKTeX 2.9\tex\latex\tools\array.sty"
Package: array 2018/04/30 v2.4h Tabular extension package (FMi)
\col@sep=\dimen262
\ar@mcellbox=\box80
\extrarowheight=\dimen263
\NC@list=\toks47
\extratabsurround=\skip57
\backup@length=\skip58
\ar@cellbox=\box81
)
\everycr=\toks48
\minrowclearance=\skip59
)
("C:\Users\mat77\AppData\Local\Programs\MiKTeX 2.9\tex\generic\babel\babel.sty"
Package: babel 2018/06/05 3.22 The Babel package

("C:\Users\mat77\AppData\Local\Programs\MiKTeX 2.9\tex\generic\babel\switch.def"
File: switch.def 2018/06/05 3.22 Babel switching mechanism
)
*************************************
* Local config file bblopts.cfg used
*
("C:\Users\mat77\AppData\Local\Programs\MiKTeX 2.9\tex\latex\arabi\bblopts.cfg"
File: bblopts.cfg 2005/09/08 v0.1 add Arabic and Farsi to "declared" options of babel
)
("C:\Users\mat77\AppData\Local\Programs\MiKTeX 2.9\tex\generic\babel-french\frenchb.ldf"
Language: frenchb 2018/07/17 v3.5b French support from the babel system


Package babel-french Warning: Option `frenchb' for Babel is *deprecated*,
(babel-french)                it might be removed sooner or later. Please
(babel-french)                use `french' instead; reported on input line 35.

("C:\Users\mat77\AppData\Local\Programs\MiKTeX 2.9\tex\generic\babel-french\french.ldf"
Language: french 2018/07/17 v3.5b French support from the babel system

("C:\Users\mat77\AppData\Local\Programs\MiKTeX 2.9\tex\generic\babel\babel.def"
File: babel.def 2018/06/05 3.22 Babel common definitions
\babel@savecnt=\count165
\U@D=\dimen264

("C:\Users\mat77\AppData\Local\Programs\MiKTeX 2.9\tex\generic\babel\txtbabel.def")
LaTeX Info: Redefining \textlatin on input line 1915.
\bbl@dirlevel=\count166
)
\l@acadian = a dialect from \language\l@french 
\FB@nonchar=\count167
Package babel Info: Making : an active character on input line 415.
Package babel Info: Making ; an active character on input line 416.
Package babel Info: Making ! an active character on input line 417.
Package babel Info: Making ? an active character on input line 418.
\FBguill@level=\count168
\FBold@everypar=\toks49
\FB@Mht=\dimen265
\mc@charclass=\count169
\mc@charfam=\count170
\mc@charslot=\count171
\std@mcc=\count172
\dec@mcc=\count173
\c@FBcaption@count=\count174
\listindentFB=\dimen266
\descindentFB=\dimen267
\labelindentFB=\dimen268
\labelwidthFB=\dimen269
\leftmarginFB=\dimen270
\parindentFFN=\dimen271
\FBfnindent=\dimen272
)))
("C:\Users\mat77\AppData\Local\Programs\MiKTeX 2.9\tex\latex\carlisle\scalefnt.sty")
Package french.ldf Info: No list customisation for the beamer class,
(french.ldf)             reported on input line 31.

("C:\Users\mat77\AppData\Local\Programs\MiKTeX 2.9\tex\latex\tipa\tipa.sty"
Package: tipa 2002/08/08 TIPA version 1.1

("C:\Users\mat77\AppData\Local\Programs\MiKTeX 2.9\tex\latex\base\fontenc.sty"
Package: fontenc 2017/04/05 v2.0i Standard LaTeX package

("C:\Users\mat77\AppData\Local\Programs\MiKTeX 2.9\tex\latex\tipa\t3enc.def"
File: t3enc.def 2001/12/31 T3 encoding
Now handling font encoding T3 ...
... no UTF-8 mapping file for font encoding T3
)
("C:\Users\mat77\AppData\Local\Programs\MiKTeX 2.9\tex\latex\base\ot1enc.def"
File: ot1enc.def 2017/04/05 v2.0i Standard LaTeX file
LaTeX Font Info:    Redeclaring font encoding OT1 on input line 48.
)))
("C:\Users\mat77\AppData\Local\Programs\MiKTeX 2.9\tex\latex\tdclock\tdclock.sty"
Package: tdclock 2014/02/21 v2.5 clock accessory

("C:\Users\mat77\AppData\Local\Programs\MiKTeX 2.9\tex\latex\xkeyval\xkeyval.sty"
Package: xkeyval 2014/12/03 v2.7a package option processing (HA)

("C:\Users\mat77\AppData\Local\Programs\MiKTeX 2.9\tex\generic\xkeyval\xkeyval.tex"
("C:\Users\mat77\AppData\Local\Programs\MiKTeX 2.9\tex\generic\xkeyval\xkvutils.tex"
\XKV@toks=\toks50
\XKV@tempa@toks=\toks51
)
\XKV@depth=\count175
File: xkeyval.tex 2014/12/03 v2.7a key=value parser (HA)
))
\clock@fontsize=\dimen273
\clock@height=\dimen274
\sizebox=\box82
)
("C:\Users\mat77\AppData\Local\Programs\MiKTeX 2.9\tex\latex\tools\multicol.sty"
Package: multicol 2018/04/20 v1.8s multicolumn formatting (FMi)
\c@tracingmulticols=\count176
\mult@box=\box83
\multicol@leftmargin=\dimen275
\c@unbalance=\count177
\c@collectmore=\count178
\doublecol@number=\count179
\multicoltolerance=\count180
\multicolpretolerance=\count181
\full@width=\dimen276
\page@free=\dimen277
\premulticols=\dimen278
\postmulticols=\dimen279
\multicolsep=\skip60
\multicolbaselineskip=\skip61
\partial@page=\box84
\last@line=\box85
\maxbalancingoverflow=\dimen280
\mult@rightbox=\box86
\mult@grightbox=\box87
\mult@gfirstbox=\box88
\mult@firstbox=\box89
\@tempa=\box90
\@tempa=\box91
\@tempa=\box92
\@tempa=\box93
\@tempa=\box94
\@tempa=\box95
\@tempa=\box96
\@tempa=\box97
\@tempa=\box98
\@tempa=\box99
\@tempa=\box100
\@tempa=\box101
\@tempa=\box102
\@tempa=\box103
\@tempa=\box104
\@tempa=\box105
\@tempa=\box106
\c@columnbadness=\count182
\c@finalcolumnbadness=\count183
\last@try=\dimen281
\multicolovershoot=\dimen282
\multicolundershoot=\dimen283
\mult@nat@firstbox=\box107
\colbreak@box=\box108
\mc@col@check@num=\count184
)
("C:\Users\mat77\AppData\Local\Programs\MiKTeX 2.9\tex\latex\doublestroke\dsfont.sty"
Package: dsfont 1995/08/01 v0.1 Double stroke roman fonts
)
("C:\Users\mat77\AppData\Local\Programs\MiKTeX 2.9\tex\latex\listings\listings.sty"
\lst@mode=\count185
\lst@gtempboxa=\box109
\lst@token=\toks52
\lst@length=\count186
\lst@currlwidth=\dimen284
\lst@column=\count187
\lst@pos=\count188
\lst@lostspace=\dimen285
\lst@width=\dimen286
\lst@newlines=\count189
\lst@lineno=\count190
\lst@maxwidth=\dimen287

("C:\Users\mat77\AppData\Local\Programs\MiKTeX 2.9\tex\latex\listings\lstmisc.sty"
File: lstmisc.sty 2018/09/02 1.7 (Carsten Heinz)
\c@lstnumber=\count191
\lst@skipnumbers=\count192
\lst@framebox=\box110
)
("C:\Users\mat77\AppData\Local\Programs\MiKTeX 2.9\tex\latex\listings\listings.cfg"
File: listings.cfg 2018/09/02 1.7 listings configuration
))
Package: listings 2018/09/02 1.7 (Carsten Heinz)

("C:\Users\mat77\AppData\Local\Programs\MiKTeX 2.9\tex\latex\listings\lstlang1.sty"
File: lstlang1.sty 2018/09/02 1.7 listings language file
)
("C:\Users\mat77\AppData\Local\Programs\MiKTeX 2.9\tex\latex\algorithm2e\algorithm2e.sty"
Package: algorithm2e 2017/07/18 v5.2 algorithms environments
\c@AlgoLine=\count193

("C:\Users\mat77\AppData\Local\Programs\MiKTeX 2.9\tex\latex\base\ifthen.sty"
Package: ifthen 2014/09/29 v1.1c Standard LaTeX ifthen package (DPC)
)
\algocf@hangindent=\skip62

("C:\Users\mat77\AppData\Local\Programs\MiKTeX 2.9\tex\latex\ifoddpage\ifoddpage.sty"
Package: ifoddpage 2016/04/23 v1.1 Conditionals for odd/even page detection
\c@checkoddpage=\count194
)
("C:\Users\mat77\AppData\Local\Programs\MiKTeX 2.9\tex\latex\tools\xspace.sty"
Package: xspace 2014/10/28 v1.13 Space after command names (DPC,MH)
)
("C:\Users\mat77\AppData\Local\Programs\MiKTeX 2.9\tex\latex\relsize\relsize.sty"
Package: relsize 2013/03/29 ver 4.1
)
\skiptotal=\skip63
\skiplinenumber=\skip64
\skiprule=\skip65
\skiphlne=\skip66
\skiptext=\skip67
\skiplength=\skip68
\algomargin=\skip69
\skipalgocfslide=\skip70
\algowidth=\dimen288
\inoutsize=\dimen289
\inoutindent=\dimen290
\interspacetitleruled=\dimen291
\interspacealgoruled=\dimen292
\interspacetitleboxruled=\dimen293
\algocf@ruledwidth=\skip71
\algocf@inoutbox=\box111
\algocf@inputbox=\box112
\AlCapSkip=\skip72
\AlCapHSkip=\skip73
\algoskipindent=\skip74
\algocf@nlbox=\box113
\algocf@hangingbox=\box114
\algocf@untilbox=\box115
\algocf@skipuntil=\skip75
\algocf@capbox=\box116
\algocf@lcaptionbox=\skip76
\algoheightruledefault=\skip77
\algoheightrule=\skip78
\algotitleheightruledefault=\skip79
\algotitleheightrule=\skip80
\c@algocfline=\count195
\c@algocfproc=\count196
\c@algocf=\count197
\algocf@algoframe=\box117
\algocf@algobox=\box118
)
\c@defi=\count198
\c@remarque=\count199
\c@remarques=\count266
\c@exemple=\count267
\c@exemples=\count268


Package amsthm Warning: Unknown theoremstyle `theorem' on input line 122.

\c@theoreme=\count269
\c@propriete=\count270
\c@lemme=\count271
\c@corollaire=\count272
) ("C:\Users\mat77\AppData\Local\Programs\MiKTeX 2.9\tex\latex\etex-pkg\etex.sty"
Package: etex 2016/08/01 v2.7 eTeX basic definition package (PEB,DPC)


Package etex Warning: Extended allocation already in use.
(etex)                etex.sty code will not be used.
(etex)                To force etex package to load, add
(etex)                \RequirePackage{etex}
(etex)                at the start of the document.

)

Package hyperref Warning: Token not allowed in a PDF string (PDFDocEncoding):
(hyperref)                removing `\\' on input line 6.

(styles/beamerthemeprogressbar.sty
Package: beamerthemeprogressbar 2007/06/21
 ("C:\Users\mat77\AppData\Local\Programs\MiKTeX 2.9\tex\latex\bibunits\bibunits.sty"
Package: bibunits 2004/05/12 v2.4 Multiple bibliographies in one document.
\@bibunitaux=\write5
\@bibunitauxcnt=\count273
)
(styles/beamercolorthemeprogressbar.sty
Package: beamercolorthemeprogressbar 2007/06/21

("C:\Users\mat77\AppData\Local\Programs\MiKTeX 2.9\tex\latex\beamer\beamercolorthemerose.sty"))
(styles/beamerinnerthemeprogressbar.sty
Package: beamerinnerthemeprogressbar 2007/06/21
\progressbar@blockbox=\box119
) (styles/beamerfontthemeprogressbar.sty
Package: beamerfontthemeprogressbar 2007/06/21
) (styles/beamerouterthemeprogressbar.sty
Package: beamerouterthemeprogressbar 2007/06/21
\progressbar@currentbarlength=\dimen294
\progressbar@framenumberrectangle=\dimen295
\progressbar@titlerectangle=\dimen296
\progressbar@leftbar=\dimen297
\progressbar@tmpresult=\dimen298
\progressbar@barlength=\dimen299
\progressbar@stepbar=\dimen300
\progressbar@numer=\count274
\progressbar@denom=\count275
\progressbar@framenumberbox=\box120
\progressbar@firstpb=\count276
\progressbar@sectionboxwidth=\skip81
\progressbar@sectionboxheight=\skip82
\progressbar@sectionbox=\box121
\progressbar@sectionboxbox=\box122
)) (python3.aux)
\openout1 = `python3.aux'.

LaTeX Font Info:    Checking defaults for OML/cmm/m/it on input line 27.
LaTeX Font Info:    ... okay on input line 27.
LaTeX Font Info:    Checking defaults for T1/cmr/m/n on input line 27.
LaTeX Font Info:    ... okay on input line 27.
LaTeX Font Info:    Checking defaults for OT1/cmr/m/n on input line 27.
LaTeX Font Info:    ... okay on input line 27.
LaTeX Font Info:    Checking defaults for OMS/cmsy/m/n on input line 27.
LaTeX Font Info:    ... okay on input line 27.
LaTeX Font Info:    Checking defaults for OMX/cmex/m/n on input line 27.
LaTeX Font Info:    ... okay on input line 27.
LaTeX Font Info:    Checking defaults for U/cmr/m/n on input line 27.
LaTeX Font Info:    ... okay on input line 27.
LaTeX Font Info:    Checking defaults for PD1/pdf/m/n on input line 27.
LaTeX Font Info:    ... okay on input line 27.
LaTeX Font Info:    Checking defaults for T3/cmr/m/n on input line 27.
LaTeX Font Info:    Try loading font information for T3+cmr on input line 27.
 ("C:\Users\mat77\AppData\Local\Programs\MiKTeX 2.9\tex\latex\tipa\t3cmr.fd"
File: t3cmr.fd 2001/12/31 TIPA font definitions
)
LaTeX Font Info:    ... okay on input line 27.

*geometry* driver: auto-detecting
*geometry* detected driver: pdftex
*geometry* verbose mode - [ preamble ] result:
* driver: pdftex
* paper: custom
* layout: <same size as paper>
* layoutoffset:(h,v)=(0.0pt,0.0pt)
* modes: includehead includefoot 
* h-part:(L,W,R)=(28.45274pt, 307.28987pt, 28.45274pt)
* v-part:(T,H,B)=(0.0pt, 273.14662pt, 0.0pt)
* \paperwidth=364.19536pt
* \paperheight=273.14662pt
* \textwidth=307.28987pt
* \textheight=244.6939pt
* \oddsidemargin=-43.81725pt
* \evensidemargin=-43.81725pt
* \topmargin=-72.26999pt
* \headheight=14.22636pt
* \headsep=0.0pt
* \topskip=11.0pt
* \footskip=14.22636pt
* \marginparwidth=4.0pt
* \marginparsep=10.0pt
* \columnsep=10.0pt
* \skip\footins=10.0pt plus 4.0pt minus 2.0pt
* \hoffset=0.0pt
* \voffset=0.0pt
* \mag=1000
* \@twocolumnfalse
* \@twosidefalse
* \@mparswitchfalse
* \@reversemarginfalse
* (1in=72.27pt=25.4mm, 1cm=28.453pt)

("C:\Users\mat77\AppData\Local\Programs\MiKTeX 2.9\tex\context\base\supp-pdf.mkii"
[Loading MPS to PDF converter (version 2006.09.02).]
\scratchcounter=\count277
\scratchdimen=\dimen301
\scratchbox=\box123
\nofMPsegments=\count278
\nofMParguments=\count279
\everyMPshowfont=\toks53
\MPscratchCnt=\count280
\MPscratchDim=\dimen302
\MPnumerator=\count281
\makeMPintoPDFobject=\count282
\everyMPtoPDFconversion=\toks54
) ("C:\Users\mat77\AppData\Local\Programs\MiKTeX 2.9\tex\latex\oberdiek\epstopdf-base.sty"
Package: epstopdf-base 2016/05/15 v2.6 Base part for package epstopdf

("C:\Users\mat77\AppData\Local\Programs\MiKTeX 2.9\tex\latex\oberdiek\grfext.sty"
Package: grfext 2016/05/16 v1.2 Manage graphics extensions (HO)
)
Package epstopdf-base Info: Redefining graphics rule for `.eps' on input line 438.
Package grfext Info: Graphics extension search list:
(grfext)             [.pdf,.png,.mps,.jpeg,.eps]
(grfext)             \AppendGraphicsExtensions on input line 456.
)
ABD: EveryShipout initializing macros
\AtBeginShipoutBox=\box124
Package hyperref Info: Link coloring OFF on input line 27.
 ("C:\Users\mat77\AppData\Local\Programs\MiKTeX 2.9\tex\latex\hyperref\nameref.sty"
Package: nameref 2016/05/21 v2.44 Cross-referencing by name of section
("C:\Users\mat77\AppData\Local\Programs\MiKTeX 2.9\tex\generic\oberdiek\gettitlestring.sty"
Package: gettitlestring 2016/05/16 v1.5 Cleanup title references (HO)
)
\c@section@level=\count283
)
LaTeX Info: Redefining \ref on input line 27.
LaTeX Info: Redefining \pageref on input line 27.
LaTeX Info: Redefining \nameref on input line 27.
 (python3.out) (python3.out)
\@outlinefile=\write6
\openout6 = `python3.out'.

LaTeX Font Info:    Overwriting symbol font `operators' in version `normal'
(Font)                  OT1/cmr/m/n --> OT1/cmss/m/n on input line 27.
LaTeX Font Info:    Overwriting symbol font `operators' in version `bold'
(Font)                  OT1/cmr/bx/n --> OT1/cmss/bx/n on input line 27.
\symnumbers=\mathgroup6
\sympureletters=\mathgroup7
LaTeX Font Info:    Overwriting math alphabet `\mathrm' in version `normal'
(Font)                  OT1/cmss/m/n --> OT1/cmr/m/n on input line 27.
LaTeX Font Info:    Redeclaring math alphabet \mathbf on input line 27.
LaTeX Font Info:    Overwriting math alphabet `\mathbf' in version `normal'
(Font)                  OT1/cmr/bx/n --> OT1/cmss/bx/n on input line 27.
LaTeX Font Info:    Overwriting math alphabet `\mathbf' in version `bold'
(Font)                  OT1/cmr/bx/n --> OT1/cmss/bx/n on input line 27.
LaTeX Font Info:    Redeclaring math alphabet \mathsf on input line 27.
LaTeX Font Info:    Overwriting math alphabet `\mathsf' in version `normal'
(Font)                  OT1/cmss/m/n --> OT1/cmss/m/n on input line 27.
LaTeX Font Info:    Overwriting math alphabet `\mathsf' in version `bold'
(Font)                  OT1/cmss/bx/n --> OT1/cmss/m/n on input line 27.
LaTeX Font Info:    Redeclaring math alphabet \mathit on input line 27.
LaTeX Font Info:    Overwriting math alphabet `\mathit' in version `normal'
(Font)                  OT1/cmr/m/it --> OT1/cmss/m/it on input line 27.
LaTeX Font Info:    Overwriting math alphabet `\mathit' in version `bold'
(Font)                  OT1/cmr/bx/it --> OT1/cmss/m/it on input line 27.
LaTeX Font Info:    Redeclaring math alphabet \mathtt on input line 27.
LaTeX Font Info:    Overwriting math alphabet `\mathtt' in version `normal'
(Font)                  OT1/cmtt/m/n --> OT1/cmtt/m/n on input line 27.
LaTeX Font Info:    Overwriting math alphabet `\mathtt' in version `bold'
(Font)                  OT1/cmtt/m/n --> OT1/cmtt/m/n on input line 27.
LaTeX Font Info:    Overwriting symbol font `numbers' in version `bold'
(Font)                  OT1/cmss/m/n --> OT1/cmss/bx/n on input line 27.
LaTeX Font Info:    Overwriting symbol font `pureletters' in version `bold'
(Font)                  OT1/cmss/m/it --> OT1/cmss/bx/it on input line 27.
LaTeX Font Info:    Overwriting math alphabet `\mathrm' in version `bold'
(Font)                  OT1/cmss/bx/n --> OT1/cmr/bx/n on input line 27.
LaTeX Font Info:    Overwriting math alphabet `\mathbf' in version `bold'
(Font)                  OT1/cmss/bx/n --> OT1/cmss/bx/n on input line 27.
LaTeX Font Info:    Overwriting math alphabet `\mathsf' in version `bold'
(Font)                  OT1/cmss/m/n --> OT1/cmss/bx/n on input line 27.
LaTeX Font Info:    Overwriting math alphabet `\mathit' in version `bold'
(Font)                  OT1/cmss/m/it --> OT1/cmss/bx/it on input line 27.
LaTeX Font Info:    Overwriting math alphabet `\mathtt' in version `bold'
(Font)                  OT1/cmtt/m/n --> OT1/cmtt/bx/n on input line 27.
LaTeX Font Info:    Redeclaring symbol font `pureletters' on input line 27.
LaTeX Font Info:    Overwriting symbol font `pureletters' in version `normal'
(Font)                  OT1/cmss/m/it --> OT1/mathkerncmss/m/sl on input line 27.
LaTeX Font Info:    Overwriting symbol font `pureletters' in version `bold'
(Font)                  OT1/cmss/bx/it --> OT1/mathkerncmss/m/sl on input line 27.
LaTeX Font Info:    Overwriting symbol font `pureletters' in version `bold'
(Font)                  OT1/mathkerncmss/m/sl --> OT1/mathkerncmss/bx/sl on input line 27.
 ("C:\Users\mat77\AppData\Local\Programs\MiKTeX 2.9\tex\latex\translator\translator-basic-dictionary-English.dict"
Dictionary: translator-basic-dictionary, Language: English 
)
("C:\Users\mat77\AppData\Local\Programs\MiKTeX 2.9\tex\latex\translator\translator-bibliography-dictionary-English.dict"
Dictionary: translator-bibliography-dictionary, Language: English 
) ("C:\Users\mat77\AppData\Local\Programs\MiKTeX 2.9\tex\latex\translator\translator-environment-dictionary-English.dict
"
Dictionary: translator-environment-dictionary, Language: English 
) ("C:\Users\mat77\AppData\Local\Programs\MiKTeX 2.9\tex\latex\translator\translator-months-dictionary-English.dict"
Dictionary: translator-months-dictionary, Language: English 
)
("C:\Users\mat77\AppData\Local\Programs\MiKTeX 2.9\tex\latex\translator\translator-numbers-dictionary-English.dict"
Dictionary: translator-numbers-dictionary, Language: English 
)
("C:\Users\mat77\AppData\Local\Programs\MiKTeX 2.9\tex\latex\translator\translator-theorem-dictionary-English.dict"
Dictionary: translator-theorem-dictionary, Language: English 
)
LaTeX Info: Redefining \degres on input line 27.
LaTeX Info: Redefining \dots on input line 27.
LaTeX Info: Redefining \up on input line 27.
\c@lstlisting=\count284

..................................................................
You are using the progressbar beamer theme (Sylvain B.)
Version: 0.42 September 2010.
..................................................................
(python3.nav)
\progressbar@framenumberboxwidth=\dimen303
LaTeX Font Info:    Try loading font information for U+msa on input line 27.
 ("C:\Users\mat77\AppData\Local\Programs\MiKTeX 2.9\tex\latex\amsfonts\umsa.fd"
File: umsa.fd 2013/01/14 v3.01 AMS symbols A
)
LaTeX Font Info:    Try loading font information for U+msb on input line 27.

("C:\Users\mat77\AppData\Local\Programs\MiKTeX 2.9\tex\latex\amsfonts\umsb.fd"
File: umsb.fd 2013/01/14 v3.01 AMS symbols B
)
LaTeX Font Info:    Try loading font information for OT1+mathkerncmss on input line 27.

("C:\Users\mat77\AppData\Local\Programs\MiKTeX 2.9\tex\latex\sansmathaccent\ot1mathkerncmss.fd"
File: ot1mathkerncmss.fd 2013/03/27 Fontinst v1.933 font definitions for OT1/mathkerncmss.
) [1

{C:/Users/mat77/AppData/Local/MiKTeX/2.9/pdftex/config/pdftex.map} <./python-HE.png>] (corps/tris_malek.tex (python3.toc
) [2

 <./python-HE.png>] (python3.toc) [3

]
LaTeX Font Info:    Try loading font information for U+pzd on input line 37.
 ("C:\Users\mat77\AppData\Local\Programs\MiKTeX 2.9\tex\latex\psnfss\upzd.fd"
File: upzd.fd 2001/06/04 font definitions for U/pzd.
)
Overfull \hbox (15.36543pt too wide) detected at line 37
[]
 []


Overfull \vbox (1.72252pt too high) detected at line 37
 []

[4

]
Overfull \hbox (15.36543pt too wide) detected at line 37
[]
 []


Overfull \vbox (1.72252pt too high) detected at line 37
 []

[5

]
Overfull \hbox (15.36543pt too wide) detected at line 37
[]
 []


Overfull \vbox (1.72252pt too high) detected at line 37
 []

[6

]
Overfull \hbox (15.36543pt too wide) detected at line 37
[]
 []


Overfull \vbox (1.72252pt too high) detected at line 37
 []

[7

] (python3.toc) [8

] (python3.toc) [9

]
Overfull \hbox (15.36543pt too wide) detected at line 75
[]
 []


Underfull \hbox (badness 10000) in paragraph at lines 75--75
[]  []\OT1/cmtt/m/n/9 # de 2 lignes et 2 colonnes de reels[]
 []


Overfull \hbox (15.36543pt too wide) detected at line 75
[]
 []


Overfull \vbox (19.32756pt too high) detected at line 75
 []

[10

]
Overfull \hbox (15.36543pt too wide) detected at line 75
[]
 []


Underfull \hbox (badness 10000) in paragraph at lines 75--75
[]  []\OT1/cmtt/m/n/9 # de 2 lignes et 2 colonnes de reels[]
 []


Overfull \hbox (15.36543pt too wide) detected at line 75
[]
 []


Overfull \vbox (19.32756pt too high) detected at line 75
 []

[11

]
Underfull \hbox (badness 10000) in paragraph at lines 100--100
[]\OT1/cmtt/m/n/10.95 M = np.linspace(0,1,11) []# renvoie [0.,0.1,...,1.0][]
 []


Overfull \hbox (15.36543pt too wide) detected at line 100
[]
 []

[12

]

LaTeX Font Warning: Font shape `OT1/cmss/bx/it' undefined
(Font)              using `OT1/cmss/bx/n' instead on input line 117.


Overfull \hbox (15.36543pt too wide) detected at line 117
[]
 []

[13

]
Overfull \hbox (15.36543pt too wide) detected at line 155
[]
 []

[14

]
Overfull \hbox (15.36543pt too wide) detected at line 189
[]
 []

LaTeX Font Info:    Font shape `OT1/cmtt/bx/n' in size <10.95> not available
(Font)              Font shape `OT1/cmtt/m/n' tried instead on input line 189.

Overfull \hbox (15.36543pt too wide) detected at line 189
[]
 []


Underfull \hbox (badness 7308) in paragraph at lines 189--189
[][]\OT1/cmss/bx/n/14.4 Acces aux elements d'un ta-bleau
 []

[15

]
Overfull \hbox (15.36543pt too wide) detected at line 189
[]
 []


Overfull \hbox (15.36543pt too wide) detected at line 189
[]
 []


Underfull \hbox (badness 7308) in paragraph at lines 189--189
[][]\OT1/cmss/bx/n/14.4 Acces aux elements d'un ta-bleau
 []

[16

]
Overfull \hbox (15.36543pt too wide) detected at line 189
[]
 []


Overfull \hbox (15.36543pt too wide) detected at line 189
[]
 []


Underfull \hbox (badness 7308) in paragraph at lines 189--189
[][]\OT1/cmss/bx/n/14.4 Acces aux elements d'un ta-bleau
 []

[17

]
Overfull \hbox (15.36543pt too wide) detected at line 225
[]
 []


Underfull \hbox (badness 7273) in paragraph at lines 225--225
[][]\OT1/cmss/bx/n/14.4 Acces aux elements des ta-bleaux
 []


Overfull \vbox (5.6059pt too high) detected at line 225
 []

[18

]
Overfull \hbox (15.36543pt too wide) detected at line 225
[]
 []


Underfull \hbox (badness 7273) in paragraph at lines 225--225
[][]\OT1/cmss/bx/n/14.4 Acces aux elements des ta-bleaux
 []


Overfull \vbox (17.35587pt too high) detected at line 225
 []

[19

]
Overfull \hbox (15.36543pt too wide) detected at line 225
[]
 []


Underfull \hbox (badness 7273) in paragraph at lines 225--225
[][]\OT1/cmss/bx/n/14.4 Acces aux elements des ta-bleaux
 []


Overfull \vbox (7.6059pt too high) detected at line 225
 []

[20

]
Overfull \hbox (15.36543pt too wide) detected at line 262
[]
 []


Underfull \hbox (badness 7273) in paragraph at lines 262--262
[][]\OT1/cmss/bx/n/14.4 Acces aux elements des ta-bleaux
 []

[21

]
Overfull \hbox (15.36543pt too wide) detected at line 262
[]
 []


Underfull \hbox (badness 7273) in paragraph at lines 262--262
[][]\OT1/cmss/bx/n/14.4 Acces aux elements des ta-bleaux
 []

[22

] (python3.toc) [23

]
\openout4 = `python3.vrb'.

 (python3.vrb) [24

]
\openout4 = `python3.vrb'.

 (python3.vrb
LaTeX Font Info:    Font shape `OT1/cmtt/bx/n' in size <10> not available
(Font)              Font shape `OT1/cmtt/m/n' tried instead on input line 3.

Overfull \hbox (7.70952pt too wide) in paragraph at lines 6--7
[][][][][][][][][][][][][][][][][][][][][][][][][][][][][][][][][][][][][][][][][][][][][][][][] 
 []

) [25

] (python3.toc) [26

]
\openout4 = `python3.vrb'.

 (python3.vrb) [27

] (python3.vrb) [28

] (python3.vrb) [29

] (python3.vrb) [30

] (python3.vrb
Overfull \hbox (26.13402pt too wide) in paragraph at lines 9--9
[]\OT1/cmtt/m/n/10.95 array([list([1, 2, 3]), list([4, 5])], dtype=object), (2,)[] 
 []

) [31

] (python3.toc) [32

] (python3.toc) [33

]
Overfull \hbox (15.36543pt too wide) detected at line 418
[]
 []


Underfull \hbox (badness 10000) in paragraph at lines 418--418
[][]\OT1/cmss/bx/n/14.4 Principe du tri par selection
 []

[34

]
Overfull \hbox (15.36543pt too wide) detected at line 418
[]
 []


Underfull \hbox (badness 10000) in paragraph at lines 418--418
[][]\OT1/cmss/bx/n/14.4 Principe du tri par selection
 []

[35

]
Overfull \hbox (15.36543pt too wide) detected at line 418
[]
 []


Underfull \hbox (badness 10000) in paragraph at lines 418--418
[][]\OT1/cmss/bx/n/14.4 Principe du tri par selection
 []

[36

]
Overfull \hbox (15.36543pt too wide) detected at line 418
[]
 []


Underfull \hbox (badness 10000) in paragraph at lines 418--418
[][]\OT1/cmss/bx/n/14.4 Principe du tri par selection
 []

[37

]
Overfull \hbox (15.36543pt too wide) detected at line 418
[]
 []


Underfull \hbox (badness 10000) in paragraph at lines 418--418
[][]\OT1/cmss/bx/n/14.4 Principe du tri par selection
 []

[38

]
Overfull \hbox (15.36543pt too wide) detected at line 418
[]
 []


Underfull \hbox (badness 10000) in paragraph at lines 418--418
[][]\OT1/cmss/bx/n/14.4 Principe du tri par selection
 []

[39

]
Overfull \hbox (15.36543pt too wide) detected at line 418
[]
 []


Underfull \hbox (badness 10000) in paragraph at lines 418--418
[][]\OT1/cmss/bx/n/14.4 Principe du tri par selection
 []

[40

]
Overfull \hbox (15.36543pt too wide) detected at line 418
[]
 []


Underfull \hbox (badness 10000) in paragraph at lines 418--418
[][]\OT1/cmss/bx/n/14.4 Principe du tri par selection
 []

[41

]
Overfull \hbox (15.36543pt too wide) detected at line 418
[]
 []


Underfull \hbox (badness 10000) in paragraph at lines 418--418
[][]\OT1/cmss/bx/n/14.4 Principe du tri par selection
 []

[42

]
<tris_sel.jpg, id=1442, 321.45094pt x 398.99063pt>
File: tris_sel.jpg Graphic file (type jpg)
<use tris_sel.jpg>
Package pdftex.def Info: tris_sel.jpg  used on input line 418.
(pdftex.def)             Requested size: 142.26378pt x 176.5853pt.

Overfull \hbox (15.36543pt too wide) detected at line 418
[]
 []


Underfull \hbox (badness 10000) in paragraph at lines 418--418
[][]\OT1/cmss/bx/n/14.4 Principe du tri par selection
 []


Overfull \vbox (17.3092pt too high) detected at line 418
 []

[43

 <./tris_sel.jpg>]
Underfull \hbox (badness 10000) in paragraph at lines 457--457
[][]\OT1/cmss/bx/n/14.4 Algorithme du tri par selection
 []

[44

]
Underfull \hbox (badness 10000) in paragraph at lines 457--457
[][]\OT1/cmss/bx/n/14.4 Algorithme du tri par selection
 []

[45

]
Underfull \hbox (badness 10000) in paragraph at lines 457--457
[][]\OT1/cmss/bx/n/14.4 Algorithme du tri par selection
 []

[46

]
\openout4 = `python3.vrb'.

 (python3.vrb)
Underfull \hbox (badness 10000) in paragraph at lines 483--483
[][]\OT1/cmss/bx/n/14.4 Algorithme tri par selection
 []


Overfull \vbox (14.15643pt too high) detected at line 483
 []

[47

]
\openout4 = `python3.vrb'.

 (python3.vrb)
Underfull \hbox (badness 10000) in paragraph at lines 505--505
[][]\OT1/cmss/bx/n/14.4 Algorithme tri par selection
 []

[48

]
Overfull \hbox (15.36543pt too wide) detected at line 548
[]
 []


Underfull \hbox (badness 10000) in paragraph at lines 548--548
[][][]\OT1/cmss/bx/n/14.4 Etude de la com-plexite du tri
 []


Overfull \vbox (1.67714pt too high) detected at line 548
 []

[49

]
Overfull \hbox (15.36543pt too wide) detected at line 548
[]
 []


Underfull \hbox (badness 10000) in paragraph at lines 548--548
[][][]\OT1/cmss/bx/n/14.4 Etude de la com-plexite du tri
 []


Overfull \vbox (1.67714pt too high) detected at line 548
 []

[50

]
Overfull \hbox (15.36543pt too wide) detected at line 548
[]
 []


Underfull \hbox (badness 10000) in paragraph at lines 548--548
[][][]\OT1/cmss/bx/n/14.4 Etude de la com-plexite du tri
 []

[51

]
Overfull \hbox (15.36543pt too wide) detected at line 548
[]
 []


Underfull \hbox (badness 10000) in paragraph at lines 548--548
[][][]\OT1/cmss/bx/n/14.4 Etude de la com-plexite du tri
 []

[52

]
Overfull \hbox (15.36543pt too wide) detected at line 548
[]
 []


Underfull \hbox (badness 10000) in paragraph at lines 548--548
[][][]\OT1/cmss/bx/n/14.4 Etude de la com-plexite du tri
 []

[53

] (python3.toc) [54

]
Overfull \hbox (15.36543pt too wide) detected at line 637
[]
 []

[55

]
Overfull \hbox (15.36543pt too wide) detected at line 637
[]
 []

[56

]
Overfull \hbox (15.36543pt too wide) detected at line 637
[]
 []

[57

]
Overfull \hbox (15.36543pt too wide) detected at line 637
[]
 []

[58

]
Overfull \hbox (15.36543pt too wide) detected at line 637
[]
 []

[59

]
Overfull \hbox (15.36543pt too wide) detected at line 637
[]
 []

[60

]
Overfull \hbox (15.36543pt too wide) detected at line 637
[]
 []

[61

]
Overfull \hbox (15.36543pt too wide) detected at line 637
[]
 []

[62

]
Overfull \hbox (15.36543pt too wide) detected at line 637
[]
 []

[63

]
Overfull \hbox (15.36543pt too wide) detected at line 637
[]
 []

[64

] [65

] [66

] [67

] [68

] (python3.toc) [69

]
Underfull \hbox (badness 10000) in paragraph at lines 772--772
[][]\OT1/cmss/bx/n/14.4 Principe du tri par in-ser-tion
 []

[70

]
Underfull \hbox (badness 10000) in paragraph at lines 772--772
[][]\OT1/cmss/bx/n/14.4 Principe du tri par in-ser-tion
 []

[71

]
Underfull \hbox (badness 10000) in paragraph at lines 772--772
[][]\OT1/cmss/bx/n/14.4 Principe du tri par in-ser-tion
 []

[72

]
Underfull \hbox (badness 10000) in paragraph at lines 772--772
[][]\OT1/cmss/bx/n/14.4 Principe du tri par in-ser-tion
 []

[73

]
Underfull \hbox (badness 10000) in paragraph at lines 772--772
[][]\OT1/cmss/bx/n/14.4 Principe du tri par in-ser-tion
 []

[74

]
Underfull \hbox (badness 10000) in paragraph at lines 772--772
[][]\OT1/cmss/bx/n/14.4 Principe du tri par in-ser-tion
 []

[75

]
Underfull \hbox (badness 10000) in paragraph at lines 772--772
[][]\OT1/cmss/bx/n/14.4 Principe du tri par in-ser-tion
 []

[76

]
Underfull \hbox (badness 10000) in paragraph at lines 772--772
[][]\OT1/cmss/bx/n/14.4 Principe du tri par in-ser-tion
 []

[77

]
Underfull \hbox (badness 10000) in paragraph at lines 772--772
[][]\OT1/cmss/bx/n/14.4 Principe du tri par in-ser-tion
 []

[78

]
Underfull \hbox (badness 10000) in paragraph at lines 772--772
[][]\OT1/cmss/bx/n/14.4 Principe du tri par in-ser-tion
 []

[79

]
Underfull \hbox (badness 10000) in paragraph at lines 772--772
[][]\OT1/cmss/bx/n/14.4 Principe du tri par in-ser-tion
 []

[80

]
Underfull \hbox (badness 10000) in paragraph at lines 772--772
[][]\OT1/cmss/bx/n/14.4 Principe du tri par in-ser-tion
 []

[81

]
<triInsert.png, id=2599, 465.74pt x 773.89125pt>
File: triInsert.png Graphic file (type png)
<use triInsert.png>
Package pdftex.def Info: triInsert.png  used on input line 782.
(pdftex.def)             Requested size: 142.26013pt x 170.71713pt.

Underfull \hbox (badness 10000) in paragraph at lines 782--782
[][]\OT1/cmss/bx/n/14.4 Principe du tri par in-ser-tion
 []


Overfull \vbox (15.62914pt too high) detected at line 782
 []

[82

 <./triInsert.png (PNG copy)>]
Underfull \hbox (badness 10000) in paragraph at lines 820--820
[][]\OT1/cmss/bx/n/14.4 algorithme de tris par in-ser-tion
 []


Overfull \vbox (2.58981pt too high) detected at line 820
 []

[83

]
Underfull \hbox (badness 10000) in paragraph at lines 820--820
[][]\OT1/cmss/bx/n/14.4 algorithme de tris par in-ser-tion
 []


Overfull \vbox (2.58981pt too high) detected at line 820
 []

[84

]
Underfull \hbox (badness 10000) in paragraph at lines 820--820
[][]\OT1/cmss/bx/n/14.4 algorithme de tris par in-ser-tion
 []


Overfull \vbox (2.58981pt too high) detected at line 820
 []

[85

]
Underfull \hbox (badness 10000) in paragraph at lines 820--820
[][]\OT1/cmss/bx/n/14.4 algorithme de tris par in-ser-tion
 []


Overfull \vbox (2.58981pt too high) detected at line 820
 []

[86

] (python3.toc) [87

] [88

] [89

] [90

] (python3.toc) [91

] [92

])
\tf@nav=\write7
\openout7 = `python3.nav'.

\tf@toc=\write8
\openout8 = `python3.toc'.

\tf@snm=\write9
\openout9 = `python3.snm'.

Package atveryend Info: Empty hook `BeforeClearDocument' on input line 51.
Package atveryend Info: Empty hook `AfterLastShipout' on input line 51.
 (python3.aux)
Package atveryend Info: Executing hook `AtVeryEndDocument' on input line 51.
Package atveryend Info: Executing hook `AtEndAfterFileList' on input line 51.
Package rerunfilecheck Info: File `python3.out' has not changed.
(rerunfilecheck)             Checksum: FE0F0CE8A931D2DBCF4B5FD9648ED690;753.


LaTeX Font Warning: Some font shapes were not available, defaults substituted.

 ) 
Here is how much of TeX's memory you used:
 29673 strings out of 492973
 596962 string characters out of 3126692
 865401 words of memory out of 3000000
 32613 multiletter control sequences out of 15000+200000
 20770 words of font info for 76 fonts, out of 3000000 for 9000
 1141 hyphenation exceptions out of 8191
 62i,18n,84p,799b,1330s stack positions out of 5000i,500n,10000p,200000b,50000s
<C:/Users/mat77/AppData/Local/Programs/MiKTeX 2.9/fonts/type1/public/amsfonts/cm/cmex10.pfb><C:/Users/mat77/AppData/Lo
cal/Programs/MiKTeX 2.9/fonts/type1/public/amsfonts/cm/cmmi10.pfb><C:/Users/mat77/AppData/Local/Programs/MiKTeX 2.9/font
s/type1/public/amsfonts/cm/cmmi9.pfb><C:/Users/mat77/AppData/Local/Programs/MiKTeX 2.9/fonts/type1/public/amsfonts/cm/cm
ss10.pfb><C:/Users/mat77/AppData/Local/Programs/MiKTeX 2.9/fonts/type1/public/amsfonts/cm/cmss8.pfb><C:/Users/mat77/AppD
ata/Local/Programs/MiKTeX 2.9/fonts/type1/public/amsfonts/cm/cmss9.pfb><C:/Users/mat77/AppData/Local/Programs/MiKTeX 2.9
/fonts/type1/public/amsfonts/cm/cmssbx10.pfb><C:/Users/mat77/AppData/Local/Programs/MiKTeX 2.9/fonts/type1/public/amsfon
ts/cm/cmssi10.pfb><C:/Users/mat77/AppData/Local/Programs/MiKTeX 2.9/fonts/type1/public/amsfonts/cm/cmssi8.pfb><C:/Users/
mat77/AppData/Local/Programs/MiKTeX 2.9/fonts/type1/public/amsfonts/cm/cmssi9.pfb><C:/Users/mat77/AppData/Local/Programs
/MiKTeX 2.9/fonts/type1/public/amsfonts/cm/cmsy10.pfb><C:/Users/mat77/AppData/Local/Programs/MiKTeX 2.9/fonts/type1/publ
ic/amsfonts/cm/cmsy6.pfb><C:/Users/mat77/AppData/Local/Programs/MiKTeX 2.9/fonts/type1/public/amsfonts/cm/cmsy7.pfb><C:/
Users/mat77/AppData/Local/Programs/MiKTeX 2.9/fonts/type1/public/amsfonts/cm/cmtt10.pfb><C:/Users/mat77/AppData/Local/Pr
ograms/MiKTeX 2.9/fonts/type1/public/amsfonts/cm/cmtt9.pfb><C:/Users/mat77/AppData/Local/Programs/MiKTeX 2.9/fonts/type1
/public/amsfonts/symbols/msam10.pfb><C:/Users/mat77/AppData/Local/Programs/MiKTeX 2.9/fonts/type1/public/amsfonts/symbol
s/msam7.pfb><C:/Users/mat77/AppData/Local/Programs/MiKTeX 2.9/fonts/type1/urw/zapfding/uzdr.pfb>
Output written on python3.pdf (92 pages, 989256 bytes).
PDF statistics:
 3023 PDF objects out of 3580 (max. 8388607)
 197 named destinations out of 1000 (max. 500000)
 472 words of extra memory for PDF output out of 10000 (max. 10000000)

